{
  "RSpec": {
    "coverage": {
      "/Users/Ed/Projects/faast-tube-system/lib/passenger_container.rb": [
        1,
        null,
        1,
        null,
        1,
        356,
        null,
        null,
        1,
        178,
        null,
        null,
        1,
        17,
        null,
        null,
        1,
        184,
        null,
        null,
        1,
        174,
        null,
        null,
        1,
        172,
        168,
        null,
        null,
        1,
        4,
        null,
        null,
        null
      ],
      "/Users/Ed/Projects/faast-tube-system/lib/carriage.rb": [
        1,
        null,
        1,
        null,
        1,
        null,
        1,
        null,
        1,
        15,
        null,
        null,
        1,
        6,
        6,
        null,
        null,
        1,
        9,
        9,
        null,
        null,
        1,
        4,
        2,
        2,
        2,
        null,
        null,
        1,
        1,
        1,
        1,
        null,
        null,
        null
      ],
      "/Users/Ed/Projects/faast-tube-system/lib/passenger.rb": [
        1,
        null,
        1,
        null,
        1,
        null,
        1,
        3,
        3,
        null,
        null,
        1,
        1,
        null,
        null,
        1,
        0,
        null,
        null,
        null
      ],
      "/Users/Ed/Projects/faast-tube-system/lib/station.rb": [
        1,
        null,
        1,
        null,
        1,
        null,
        1,
        null,
        1,
        null,
        1,
        15,
        15,
        15,
        null,
        null,
        1,
        11,
        null,
        null,
        1,
        8,
        null,
        null,
        1,
        7,
        6,
        null,
        null,
        1,
        1,
        null,
        null,
        1,
        2,
        2,
        null,
        null,
        1,
        1,
        1,
        null,
        null,
        null
      ],
      "/Users/Ed/Projects/faast-tube-system/lib/train.rb": [
        1,
        null,
        1,
        null,
        1,
        3,
        3,
        3,
        3,
        3,
        null,
        null,
        1,
        1,
        1,
        1,
        1,
        null,
        null,
        null
      ]
    },
    "timestamp": 1424347052
  }
}
